
> react-tutorial@0.1.0 start /home/ubuntu/docker/html/react_/react
> export PORT=2501 && react-scripts start

[34mℹ[39m [90m｢wds｣[39m: Project is running at http://10.5.0.13/
[34mℹ[39m [90m｢wds｣[39m: webpack output is served from 
[34mℹ[39m [90m｢wds｣[39m: Content not from webpack is served from /home/ubuntu/docker/html/react_/react/public
[34mℹ[39m [90m｢wds｣[39m: 404s will fallback to /
Starting the development server...

Compiled with warnings.

src/components/Comment/Comment.js
  Line 2:10:   'Link' is defined but never used        no-unused-vars
  Line 2:16:   'withRouter' is defined but never used  no-unused-vars
  Line 5:8:    'SubComment' is defined but never used  no-unused-vars
  Line 42:56:  Expected '===' and instead saw '=='     eqeqeq

src/components/Comment/MainComment/MainComment.js
  Line 1:28:   'Fragment' is defined but never used                                                                       no-unused-vars
  Line 2:10:   'Link' is defined but never used                                                                           no-unused-vars
  Line 2:16:   'withRouter' is defined but never used                                                                     no-unused-vars
  Line 10:59:  img elements must have an alt prop, either with meaningful text, or an empty string for decorative images  jsx-a11y/alt-text

src/components/Comment/SubComment/SubComment.js
  Line 1:28:   'Fragment' is defined but never used                                                                       no-unused-vars
  Line 2:10:   'Link' is defined but never used                                                                           no-unused-vars
  Line 2:16:   'withRouter' is defined but never used                                                                     no-unused-vars
  Line 10:59:  img elements must have an alt prop, either with meaningful text, or an empty string for decorative images  jsx-a11y/alt-text

src/components/Comment/WriteComment/WriteAnonyComment.js
  Line 1:28:  'Fragment' is defined but never used    no-unused-vars
  Line 2:10:  'Link' is defined but never used        no-unused-vars
  Line 2:16:  'withRouter' is defined but never used  no-unused-vars

src/components/Header/Header.js
  Line 1:28:  'Fragment' is defined but never used    no-unused-vars
  Line 2:16:  'withRouter' is defined but never used  no-unused-vars

src/components/Main.js
  Line 2:10:  'Link' is defined but never used     no-unused-vars
  Line 5:8:   'Comment' is defined but never used  no-unused-vars

src/components/Story/ReadStory/ReadStory.js
  Line 2:10:  'Link' is defined but never used    no-unused-vars
  Line 3:8:   'styles' is defined but never used  no-unused-vars

src/components/Story/Story.js
  Line 1:28:   'Fragment' is defined but never used                                                                       no-unused-vars
  Line 2:10:   'Link' is defined but never used                                                                           no-unused-vars
  Line 2:16:   'withRouter' is defined but never used                                                                     no-unused-vars
  Line 6:8:    'Comment' is defined but never used                                                                        no-unused-vars
  Line 22:59:  img elements must have an alt prop, either with meaningful text, or an empty string for decorative images  jsx-a11y/alt-text

src/components/Story/WriteStory/WriteStory.js
  Line 2:10:  'Link' is defined but never used  no-unused-vars

Search for the keywords to learn more about each warning.
To ignore, add // eslint-disable-next-line to the line before.

